<?xml version="1.0" encoding="UTF-8"?>
<!-- Generated by org.testng.reporters.JUnitXMLReporter -->
<testsuite ignored="0" hostname="DESKTOP-C0180KA" failures="0" tests="5" name="Default test" time="13.154" errors="0" timestamp="06 May 2022 04:04:11 GMT">
  <testcase classname="TestCases.Launchgurusite$LaunchGurusite" name="LaunchURL" time="3.126"/>
  <testcase classname="TestCases.Launchgurusite$LaunchGurusite" name="verifylable" time="0.033"/>
  <testcase classname="TestCases.Launchgurusite$LaunchGurusite" name="verifyuseridlable" time="0.023"/>
  <testcase classname="TestCases.Launchgurusite$LaunchGurusite" name="verifypasswordlabel" time="0.031"/>
  <testcase classname="TestCases.Launchgurusite$LaunchGurusite" name="LogintoGurusite" time="6.151"/>
</testsuite> <!-- Default test -->
